11:20:41.767 [main] INFO  org.example.Pages.SwagLabsPage.PageObjects.LoginPage - Enter Login Information
11:20:42.010 [main] INFO  org.example.Pages.SwagLabsPage.PageObjects.LoginPage - Clicked Login Button
11:20:56.133 [main] INFO  org.example.Pages.SwagLabsPage.PageObjects.LoginPage - Enter Login Information
11:20:56.223 [main] INFO  org.example.Pages.SwagLabsPage.PageObjects.LoginPage - Clicked Login Button
11:21:08.099 [main] INFO  org.example.Pages.SwagLabsPage.PageObjects.LoginPage - Enter Login Information
11:21:08.305 [main] INFO  org.example.Pages.SwagLabsPage.PageObjects.LoginPage - Clicked Login Button
11:21:08.509 [main] INFO  org.example.Pages.SwagLabsPage.PageObjects.InventoryPage - Clicked Product 1
11:21:08.707 [main] INFO  org.example.Pages.SwagLabsPage.PageObjects.InventoryItemPage - Clicked Add Item To Cart
11:21:08.865 [main] INFO  org.example.Pages.SwagLabsPage.PageObjects.InventoryItemPage - Clicked Shopping Cart Button
11:21:08.983 [main] INFO  org.example.Pages.SwagLabsPage.PageObjects.YourCartPage - Clicked Checkout Button
11:21:09.353 [main] INFO  org.example.Pages.SwagLabsPage.PageObjects.CheckoutPage - Enter Personal Checkout Information
11:21:09.455 [main] INFO  org.example.Pages.SwagLabsPage.PageObjects.CheckoutPage - Click Continue
11:21:09.632 [main] INFO  org.example.Pages.SwagLabsPage.PageObjects.CheckoutOverViewPage - Click Finish Button
11:21:09.797 [main] INFO  org.example.Pages.SwagLabsPage.PageObjects.PostCheckoutPage - Click Go Back Home Button
11:21:09.903 [main] INFO  org.example.Pages.SwagLabsPage.PageObjects.InventoryPage - Open Side Action Bar
11:21:10.102 [main] INFO  org.example.Pages.SwagLabsPage.PageObjects.InventoryPage - Click Logout
11:21:22.437 [main] INFO  org.example.Pages.SwagLabsPage.PageObjects.LoginPage - Enter Login Information
11:21:22.637 [main] INFO  org.example.Pages.SwagLabsPage.PageObjects.LoginPage - Clicked Login Button
11:21:23.009 [main] INFO  org.example.Pages.SwagLabsPage.PageObjects.InventoryPage - Selected Filter
11:21:35.149 [main] INFO  org.example.Pages.SwagLabsPage.PageObjects.LoginPage - Enter Login Information
11:21:35.401 [main] INFO  org.example.Pages.SwagLabsPage.PageObjects.LoginPage - Clicked Login Button
11:21:35.531 [main] INFO  org.example.Pages.SwagLabsPage.PageObjects.InventoryPage - Open Side Action Bar
11:21:41.004 [main] INFO  org.example.Pages.SwagLabsPage.PageObjects.InventoryPage - Clicked About Page
11:21:56.165 [main] INFO  org.example.Pages.SwagLabsPage.PageObjects.LoginPage - Enter Login Information
11:21:56.367 [main] INFO  org.example.Pages.SwagLabsPage.PageObjects.LoginPage - Clicked Login Button
11:21:56.537 [main] INFO  org.example.Pages.SwagLabsPage.PageObjects.InventoryPage - Clicked Product 1
11:21:56.628 [main] INFO  org.example.Pages.SwagLabsPage.PageObjects.InventoryItemPage - Clicked Add Item To Cart
11:21:56.690 [main] INFO  org.example.Pages.SwagLabsPage.PageObjects.InventoryItemPage - Click Remove Item From Cart
11:21:56.790 [main] INFO  org.example.Pages.SwagLabsPage.PageObjects.InventoryItemPage - Click Back Button
11:21:56.914 [main] INFO  org.example.Pages.SwagLabsPage.PageObjects.InventoryPage - Clicked Product 2
11:21:57.019 [main] INFO  org.example.Pages.SwagLabsPage.PageObjects.InventoryItemPage - Clicked Add Item To Cart
11:21:57.114 [main] INFO  org.example.Pages.SwagLabsPage.PageObjects.InventoryItemPage - Click Remove Item From Cart
11:21:57.240 [main] INFO  org.example.Pages.SwagLabsPage.PageObjects.InventoryItemPage - Click Back Button
