09:04:14.445 [main] INFO  org.example.Pages.SwagLabsPage.PageObjects.LoginPage - Enter Login Information
09:04:14.655 [main] INFO  org.example.Pages.SwagLabsPage.PageObjects.LoginPage - Clicked Login Button
09:04:14.818 [AsyncHttpClient-1-4] WARN  org.asynchttpclient.netty.handler.WebSocketHandler - onError
java.net.SocketException: Connection reset
	at sun.nio.ch.SocketChannelImpl.throwConnectionReset(SocketChannelImpl.java:394) ~[?:?]
	at sun.nio.ch.SocketChannelImpl.read(SocketChannelImpl.java:426) ~[?:?]
	at io.netty.buffer.PooledByteBuf.setBytes(PooledByteBuf.java:256) ~[netty-buffer-4.1.90.Final.jar:4.1.90.Final]
	at io.netty.buffer.AbstractByteBuf.writeBytes(AbstractByteBuf.java:1132) ~[netty-buffer-4.1.90.Final.jar:4.1.90.Final]
	at io.netty.channel.socket.nio.NioSocketChannel.doReadBytes(NioSocketChannel.java:357) ~[netty-transport-4.1.90.Final.jar:4.1.90.Final]
	at io.netty.channel.nio.AbstractNioByteChannel$NioByteUnsafe.read(AbstractNioByteChannel.java:151) [netty-transport-4.1.90.Final.jar:4.1.90.Final]
	at io.netty.channel.nio.NioEventLoop.processSelectedKey(NioEventLoop.java:788) [netty-transport-4.1.90.Final.jar:4.1.90.Final]
	at io.netty.channel.nio.NioEventLoop.processSelectedKeysOptimized(NioEventLoop.java:724) [netty-transport-4.1.90.Final.jar:4.1.90.Final]
	at io.netty.channel.nio.NioEventLoop.processSelectedKeys(NioEventLoop.java:650) [netty-transport-4.1.90.Final.jar:4.1.90.Final]
	at io.netty.channel.nio.NioEventLoop.run(NioEventLoop.java:562) [netty-transport-4.1.90.Final.jar:4.1.90.Final]
	at io.netty.util.concurrent.SingleThreadEventExecutor$4.run(SingleThreadEventExecutor.java:997) [netty-common-4.1.90.Final.jar:4.1.90.Final]
	at io.netty.util.internal.ThreadExecutorMap$2.run(ThreadExecutorMap.java:74) [netty-common-4.1.90.Final.jar:4.1.90.Final]
	at io.netty.util.concurrent.FastThreadLocalRunnable.run(FastThreadLocalRunnable.java:30) [netty-common-4.1.90.Final.jar:4.1.90.Final]
	at java.lang.Thread.run(Thread.java:833) [?:?]
09:04:23.738 [main] INFO  org.example.Pages.SwagLabsPage.PageObjects.LoginPage - Enter Login Information
09:04:23.827 [main] INFO  org.example.Pages.SwagLabsPage.PageObjects.LoginPage - Clicked Login Button
09:04:32.886 [main] INFO  org.example.Pages.SwagLabsPage.PageObjects.LoginPage - Enter Login Information
09:04:33.116 [main] INFO  org.example.Pages.SwagLabsPage.PageObjects.LoginPage - Clicked Login Button
09:04:33.263 [main] INFO  org.example.Pages.SwagLabsPage.PageObjects.InventoryPage - Clicked Product 1
09:04:33.403 [main] INFO  org.example.Pages.SwagLabsPage.PageObjects.InventoryItemPage - Clicked Add Item To Cart
09:04:33.528 [main] INFO  org.example.Pages.SwagLabsPage.PageObjects.InventoryItemPage - Clicked Shopping Cart Button
09:04:33.688 [main] INFO  org.example.Pages.SwagLabsPage.PageObjects.YourCartPage - Clicked Checkout Button
09:04:34.044 [main] INFO  org.example.Pages.SwagLabsPage.PageObjects.CheckoutPage - Enter Personal Checkout Information
09:04:34.132 [main] INFO  org.example.Pages.SwagLabsPage.PageObjects.CheckoutPage - Click Continue
09:04:34.241 [main] INFO  org.example.Pages.SwagLabsPage.PageObjects.CheckoutOverViewPage - Click Finish Button
09:04:34.617 [main] INFO  org.example.Pages.SwagLabsPage.PageObjects.PostCheckoutPage - Click Go Back Home Button
09:04:34.688 [main] INFO  org.example.Pages.SwagLabsPage.PageObjects.InventoryPage - Open Side Action Bar
09:04:35.392 [main] INFO  org.example.Pages.SwagLabsPage.PageObjects.InventoryPage - Click Logout
09:04:44.548 [main] INFO  org.example.Pages.SwagLabsPage.PageObjects.LoginPage - Enter Login Information
09:04:44.737 [main] INFO  org.example.Pages.SwagLabsPage.PageObjects.LoginPage - Clicked Login Button
09:04:45.007 [main] INFO  org.example.Pages.SwagLabsPage.PageObjects.InventoryPage - Selected Filter
09:04:53.678 [main] INFO  org.example.Pages.SwagLabsPage.PageObjects.LoginPage - Enter Login Information
09:04:53.844 [main] INFO  org.example.Pages.SwagLabsPage.PageObjects.LoginPage - Clicked Login Button
09:04:53.951 [main] INFO  org.example.Pages.SwagLabsPage.PageObjects.InventoryPage - Open Side Action Bar
09:04:59.362 [main] INFO  org.example.Pages.SwagLabsPage.PageObjects.InventoryPage - Clicked About Page
09:05:09.263 [main] INFO  org.example.Pages.SwagLabsPage.PageObjects.LoginPage - Enter Login Information
09:05:09.429 [main] INFO  org.example.Pages.SwagLabsPage.PageObjects.LoginPage - Clicked Login Button
09:05:09.558 [main] INFO  org.example.Pages.SwagLabsPage.PageObjects.InventoryPage - Clicked Product 1
09:05:09.634 [main] INFO  org.example.Pages.SwagLabsPage.PageObjects.InventoryItemPage - Clicked Add Item To Cart
09:05:09.688 [main] INFO  org.example.Pages.SwagLabsPage.PageObjects.InventoryItemPage - Click Remove Item From Cart
09:05:09.762 [main] INFO  org.example.Pages.SwagLabsPage.PageObjects.InventoryItemPage - Click Back Button
09:05:09.847 [main] INFO  org.example.Pages.SwagLabsPage.PageObjects.InventoryPage - Clicked Product 2
09:05:09.896 [main] INFO  org.example.Pages.SwagLabsPage.PageObjects.InventoryItemPage - Clicked Add Item To Cart
09:05:09.954 [main] INFO  org.example.Pages.SwagLabsPage.PageObjects.InventoryItemPage - Click Remove Item From Cart
09:05:10.027 [main] INFO  org.example.Pages.SwagLabsPage.PageObjects.InventoryItemPage - Click Back Button
