13:05:15.889 [main] INFO  org.example.Pages.SwagLabsPage.PageObjects.LoginPage - Enter Login Information
13:05:15.898 [main] INFO  org.example.Pages.SwagLabsPage.PageObjects.LoginPage - Enter Username
13:05:16.085 [main] INFO  org.example.Pages.SwagLabsPage.PageObjects.LoginPage - Enter Password
13:05:16.249 [main] INFO  org.example.Pages.SwagLabsPage.PageObjects.LoginPage - Click Login Button
13:05:48.625 [main] INFO  org.example.Pages.SwagLabsPage.PageObjects.LoginPage - Enter Login Information
13:05:48.626 [main] INFO  org.example.Pages.SwagLabsPage.PageObjects.LoginPage - Enter Username
13:05:48.828 [main] INFO  org.example.Pages.SwagLabsPage.PageObjects.LoginPage - Enter Password
13:05:49.002 [main] INFO  org.example.Pages.SwagLabsPage.PageObjects.LoginPage - Click Login Button
13:06:04.785 [main] INFO  org.example.Pages.SwagLabsPage.PageObjects.LoginPage - Enter Login Information
13:06:04.785 [main] INFO  org.example.Pages.SwagLabsPage.PageObjects.LoginPage - Enter Username
13:06:05.028 [main] INFO  org.example.Pages.SwagLabsPage.PageObjects.LoginPage - Enter Password
13:06:05.195 [main] INFO  org.example.Pages.SwagLabsPage.PageObjects.LoginPage - Click Login Button
13:06:05.506 [main] INFO  org.example.Pages.SwagLabsPage.PageObjects.InventoryPage - Click Product 1
13:06:05.688 [main] INFO  org.example.Pages.SwagLabsPage.PageObjects.InventoryItemPage - Click Add Item To Cart
13:06:05.831 [main] INFO  org.example.Pages.SwagLabsPage.PageObjects.InventoryItemPage - Click Shopping Cart Button
13:06:05.981 [main] INFO  org.example.Pages.SwagLabsPage.PageObjects.YourCartPage - Click Checkout Button
13:06:06.471 [main] INFO  org.example.Pages.SwagLabsPage.PageObjects.CheckoutPage - Enter Personal Checkout Information
13:06:06.577 [main] INFO  org.example.Pages.SwagLabsPage.PageObjects.CheckoutPage - Click Continue
13:06:06.671 [main] INFO  org.example.Pages.SwagLabsPage.PageObjects.CheckoutOverViewPage - Click Finish Button
13:06:06.793 [main] INFO  org.example.Pages.SwagLabsPage.PageObjects.PostCheckoutPage - Click Go Back Home Button
13:06:06.881 [main] INFO  org.example.Pages.SwagLabsPage.PageObjects.InventoryPage - Open Side Action Bar
13:06:07.020 [main] INFO  org.example.Pages.SwagLabsPage.PageObjects.InventoryPage - Click Logout
13:06:22.296 [main] INFO  org.example.Pages.SwagLabsPage.PageObjects.LoginPage - Enter Login Information
13:06:22.296 [main] INFO  org.example.Pages.SwagLabsPage.PageObjects.LoginPage - Enter Username
13:06:22.499 [main] INFO  org.example.Pages.SwagLabsPage.PageObjects.LoginPage - Enter Password
13:06:22.671 [main] INFO  org.example.Pages.SwagLabsPage.PageObjects.LoginPage - Click Login Button
13:06:23.231 [main] INFO  org.example.Pages.SwagLabsPage.PageObjects.InventoryPage - Selected Filter
13:06:37.847 [main] INFO  org.example.Pages.SwagLabsPage.PageObjects.LoginPage - Enter Login Information
13:06:37.848 [main] INFO  org.example.Pages.SwagLabsPage.PageObjects.LoginPage - Enter Username
13:06:38.044 [main] INFO  org.example.Pages.SwagLabsPage.PageObjects.LoginPage - Enter Password
13:06:38.168 [main] INFO  org.example.Pages.SwagLabsPage.PageObjects.LoginPage - Click Login Button
13:06:38.536 [main] INFO  org.example.Pages.SwagLabsPage.PageObjects.InventoryPage - Open Side Action Bar
13:06:39.237 [main] INFO  org.example.Pages.SwagLabsPage.PageObjects.InventoryPage - Click About Page
13:06:59.104 [main] INFO  org.example.Pages.SwagLabsPage.PageObjects.LoginPage - Enter Login Information
13:06:59.104 [main] INFO  org.example.Pages.SwagLabsPage.PageObjects.LoginPage - Enter Username
13:06:59.382 [main] INFO  org.example.Pages.SwagLabsPage.PageObjects.LoginPage - Enter Password
13:06:59.553 [main] INFO  org.example.Pages.SwagLabsPage.PageObjects.LoginPage - Click Login Button
13:06:59.838 [main] INFO  org.example.Pages.SwagLabsPage.PageObjects.InventoryPage - Click Product 1
13:06:59.982 [main] INFO  org.example.Pages.SwagLabsPage.PageObjects.InventoryItemPage - Click Add Item To Cart
13:07:00.135 [main] INFO  org.example.Pages.SwagLabsPage.PageObjects.InventoryItemPage - Click Remove Item From Cart
13:07:00.241 [main] INFO  org.example.Pages.SwagLabsPage.PageObjects.InventoryItemPage - Click Back Button
13:07:00.271 [main] INFO  org.example.Pages.SwagLabsPage.PageObjects.InventoryPage - Click Product 2
13:07:00.355 [main] INFO  org.example.Pages.SwagLabsPage.PageObjects.InventoryItemPage - Click Add Item To Cart
13:07:00.465 [main] INFO  org.example.Pages.SwagLabsPage.PageObjects.InventoryItemPage - Click Remove Item From Cart
13:07:00.540 [main] INFO  org.example.Pages.SwagLabsPage.PageObjects.InventoryItemPage - Click Back Button
13:10:23.735 [main] INFO  org.example.Pages.SwagLabsPage.PageObjects.LoginPage - Enter Login Information
13:10:23.735 [main] INFO  org.example.Pages.SwagLabsPage.PageObjects.LoginPage - Enter Username
13:10:23.904 [main] INFO  org.example.Pages.SwagLabsPage.PageObjects.LoginPage - Enter Password
13:10:24.036 [main] INFO  org.example.Pages.SwagLabsPage.PageObjects.LoginPage - Click Login Button
13:10:32.031 [main] INFO  org.example.Pages.SwagLabsPage.PageObjects.LoginPage - Enter Login Information
13:10:32.031 [main] INFO  org.example.Pages.SwagLabsPage.PageObjects.LoginPage - Enter Username
13:10:32.228 [main] INFO  org.example.Pages.SwagLabsPage.PageObjects.LoginPage - Enter Password
13:10:32.371 [main] INFO  org.example.Pages.SwagLabsPage.PageObjects.LoginPage - Click Login Button
13:10:40.064 [main] INFO  org.example.Pages.SwagLabsPage.PageObjects.LoginPage - Enter Login Information
13:10:40.064 [main] INFO  org.example.Pages.SwagLabsPage.PageObjects.LoginPage - Enter Username
13:10:40.235 [main] INFO  org.example.Pages.SwagLabsPage.PageObjects.LoginPage - Enter Password
13:10:40.381 [main] INFO  org.example.Pages.SwagLabsPage.PageObjects.LoginPage - Click Login Button
13:10:40.589 [main] INFO  org.example.Pages.SwagLabsPage.PageObjects.InventoryPage - Click Product 1
13:10:40.731 [main] INFO  org.example.Pages.SwagLabsPage.PageObjects.InventoryItemPage - Click Add Item To Cart
13:10:40.820 [main] INFO  org.example.Pages.SwagLabsPage.PageObjects.InventoryItemPage - Click Shopping Cart Button
13:10:40.905 [main] INFO  org.example.Pages.SwagLabsPage.PageObjects.YourCartPage - Click Checkout Button
13:10:41.425 [main] INFO  org.example.Pages.SwagLabsPage.PageObjects.CheckoutPage - Enter Personal Checkout Information
13:10:41.533 [main] INFO  org.example.Pages.SwagLabsPage.PageObjects.CheckoutPage - Click Continue
13:10:41.665 [main] INFO  org.example.Pages.SwagLabsPage.PageObjects.CheckoutOverViewPage - Click Finish Button
13:10:41.817 [main] INFO  org.example.Pages.SwagLabsPage.PageObjects.PostCheckoutPage - Click Go Back Home Button
13:10:41.923 [main] INFO  org.example.Pages.SwagLabsPage.PageObjects.InventoryPage - Open Side Action Bar
13:10:42.786 [main] INFO  org.example.Pages.SwagLabsPage.PageObjects.InventoryPage - Click Logout
13:10:51.051 [main] INFO  org.example.Pages.SwagLabsPage.PageObjects.LoginPage - Enter Login Information
13:10:51.051 [main] INFO  org.example.Pages.SwagLabsPage.PageObjects.LoginPage - Enter Username
13:10:51.246 [main] INFO  org.example.Pages.SwagLabsPage.PageObjects.LoginPage - Enter Password
13:10:51.365 [main] INFO  org.example.Pages.SwagLabsPage.PageObjects.LoginPage - Click Login Button
13:10:51.849 [main] INFO  org.example.Pages.SwagLabsPage.PageObjects.InventoryPage - Selected Filter
13:11:00.620 [main] INFO  org.example.Pages.SwagLabsPage.PageObjects.LoginPage - Enter Login Information
13:11:00.620 [main] INFO  org.example.Pages.SwagLabsPage.PageObjects.LoginPage - Enter Username
13:11:00.781 [main] INFO  org.example.Pages.SwagLabsPage.PageObjects.LoginPage - Enter Password
13:11:00.917 [main] INFO  org.example.Pages.SwagLabsPage.PageObjects.LoginPage - Click Login Button
13:11:01.184 [main] INFO  org.example.Pages.SwagLabsPage.PageObjects.InventoryPage - Open Side Action Bar
13:11:01.864 [main] INFO  org.example.Pages.SwagLabsPage.PageObjects.InventoryPage - Click About Page
13:11:14.682 [main] INFO  org.example.Pages.SwagLabsPage.PageObjects.LoginPage - Enter Login Information
13:11:14.683 [main] INFO  org.example.Pages.SwagLabsPage.PageObjects.LoginPage - Enter Username
13:11:14.863 [main] INFO  org.example.Pages.SwagLabsPage.PageObjects.LoginPage - Enter Password
13:11:14.994 [main] INFO  org.example.Pages.SwagLabsPage.PageObjects.LoginPage - Click Login Button
13:11:15.184 [main] INFO  org.example.Pages.SwagLabsPage.PageObjects.InventoryPage - Click Product 1
13:11:15.311 [main] INFO  org.example.Pages.SwagLabsPage.PageObjects.InventoryItemPage - Click Add Item To Cart
13:11:15.435 [main] INFO  org.example.Pages.SwagLabsPage.PageObjects.InventoryItemPage - Click Remove Item From Cart
13:11:15.525 [main] INFO  org.example.Pages.SwagLabsPage.PageObjects.InventoryItemPage - Click Back Button
13:11:15.549 [main] INFO  org.example.Pages.SwagLabsPage.PageObjects.InventoryPage - Click Product 2
13:11:15.618 [main] INFO  org.example.Pages.SwagLabsPage.PageObjects.InventoryItemPage - Click Add Item To Cart
13:11:15.752 [main] INFO  org.example.Pages.SwagLabsPage.PageObjects.InventoryItemPage - Click Remove Item From Cart
13:11:15.861 [main] INFO  org.example.Pages.SwagLabsPage.PageObjects.InventoryItemPage - Click Back Button
