11:06:37.369 [main] INFO  org.example.Pages.SwagLabsPage.PageObjects.LoginPage - Enter Login Information
11:06:37.653 [main] INFO  org.example.Pages.SwagLabsPage.PageObjects.LoginPage - Clicked Login Button
11:06:50.118 [main] INFO  org.example.Pages.SwagLabsPage.PageObjects.LoginPage - Enter Login Information
11:06:50.210 [main] INFO  org.example.Pages.SwagLabsPage.PageObjects.LoginPage - Clicked Login Button
11:07:04.637 [main] INFO  org.example.Pages.SwagLabsPage.PageObjects.LoginPage - Enter Login Information
11:07:04.875 [main] INFO  org.example.Pages.SwagLabsPage.PageObjects.LoginPage - Clicked Login Button
11:07:05.068 [main] INFO  org.example.Pages.SwagLabsPage.PageObjects.InventoryPage - Clicked Product 1
11:07:05.266 [main] INFO  org.example.Pages.SwagLabsPage.PageObjects.InventoryItemPage - Clicked Add Item To Cart
11:07:05.430 [main] INFO  org.example.Pages.SwagLabsPage.PageObjects.InventoryItemPage - Clicked Shopping Cart Button
11:07:05.559 [main] INFO  org.example.Pages.SwagLabsPage.PageObjects.YourCartPage - Clicked Checkout Button
11:07:05.943 [main] INFO  org.example.Pages.SwagLabsPage.PageObjects.CheckoutPage - Enter Personal Checkout Information
11:07:06.064 [main] INFO  org.example.Pages.SwagLabsPage.PageObjects.CheckoutPage - Click Continue
11:07:06.174 [main] INFO  org.example.Pages.SwagLabsPage.PageObjects.CheckoutOverViewPage - Click Finish Button
11:07:06.305 [main] INFO  org.example.Pages.SwagLabsPage.PageObjects.PostCheckoutPage - Click Go Back Home Button
11:07:06.397 [main] INFO  org.example.Pages.SwagLabsPage.PageObjects.InventoryPage - Open Side Action Bar
11:07:07.089 [main] INFO  org.example.Pages.SwagLabsPage.PageObjects.InventoryPage - Click Logout
11:07:22.202 [main] INFO  org.example.Pages.SwagLabsPage.PageObjects.LoginPage - Enter Login Information
11:07:22.439 [main] INFO  org.example.Pages.SwagLabsPage.PageObjects.LoginPage - Clicked Login Button
11:07:22.775 [main] INFO  org.example.Pages.SwagLabsPage.PageObjects.InventoryPage - Selected Filter
11:07:34.518 [main] INFO  org.example.Pages.SwagLabsPage.PageObjects.LoginPage - Enter Login Information
11:07:34.759 [main] INFO  org.example.Pages.SwagLabsPage.PageObjects.LoginPage - Clicked Login Button
11:07:34.905 [main] INFO  org.example.Pages.SwagLabsPage.PageObjects.InventoryPage - Open Side Action Bar
11:07:39.957 [main] INFO  org.example.Pages.SwagLabsPage.PageObjects.InventoryPage - Clicked About Page
11:07:55.186 [main] INFO  org.example.Pages.SwagLabsPage.PageObjects.LoginPage - Enter Login Information
11:07:55.367 [main] INFO  org.example.Pages.SwagLabsPage.PageObjects.LoginPage - Clicked Login Button
11:07:55.512 [main] INFO  org.example.Pages.SwagLabsPage.PageObjects.InventoryPage - Clicked Product 1
11:07:55.596 [main] INFO  org.example.Pages.SwagLabsPage.PageObjects.InventoryItemPage - Clicked Add Item To Cart
11:07:55.656 [main] INFO  org.example.Pages.SwagLabsPage.PageObjects.InventoryItemPage - Click Remove Item From Cart
11:07:55.750 [main] INFO  org.example.Pages.SwagLabsPage.PageObjects.InventoryItemPage - Click Back Button
11:07:55.864 [main] INFO  org.example.Pages.SwagLabsPage.PageObjects.InventoryPage - Clicked Product 2
11:07:55.933 [main] INFO  org.example.Pages.SwagLabsPage.PageObjects.InventoryItemPage - Clicked Add Item To Cart
11:07:55.990 [main] INFO  org.example.Pages.SwagLabsPage.PageObjects.InventoryItemPage - Click Remove Item From Cart
11:07:56.073 [main] INFO  org.example.Pages.SwagLabsPage.PageObjects.InventoryItemPage - Click Back Button
