11:27:37.614 [main] INFO  org.example.Pages.SwagLabsPage.PageObjects.LoginPage - Enter Login Information
11:27:37.638 [main] INFO  org.example.Pages.SwagLabsPage.PageObjects.LoginPage - Enter Username
11:27:37.979 [main] INFO  org.example.Pages.SwagLabsPage.PageObjects.LoginPage - Enter Password
11:27:38.256 [main] INFO  org.example.Pages.SwagLabsPage.PageObjects.LoginPage - Click Login Button
11:27:58.725 [main] INFO  org.example.Pages.SwagLabsPage.PageObjects.LoginPage - Enter Login Information
11:27:58.725 [main] INFO  org.example.Pages.SwagLabsPage.PageObjects.LoginPage - Enter Username
11:27:59.055 [main] INFO  org.example.Pages.SwagLabsPage.PageObjects.LoginPage - Enter Password
11:27:59.435 [main] INFO  org.example.Pages.SwagLabsPage.PageObjects.LoginPage - Click Login Button
11:28:20.093 [main] INFO  org.example.Pages.SwagLabsPage.PageObjects.LoginPage - Enter Login Information
11:28:20.094 [main] INFO  org.example.Pages.SwagLabsPage.PageObjects.LoginPage - Enter Username
11:28:20.501 [main] INFO  org.example.Pages.SwagLabsPage.PageObjects.LoginPage - Enter Password
11:28:20.872 [main] INFO  org.example.Pages.SwagLabsPage.PageObjects.LoginPage - Click Login Button
11:28:21.363 [main] INFO  org.example.Pages.SwagLabsPage.PageObjects.InventoryPage - Click Product 1
11:28:21.679 [main] INFO  org.example.Pages.SwagLabsPage.PageObjects.InventoryItemPage - Click Add Item To Cart
11:28:21.910 [main] INFO  org.example.Pages.SwagLabsPage.PageObjects.InventoryItemPage - Click Shopping Cart Button
11:28:22.121 [main] INFO  org.example.Pages.SwagLabsPage.PageObjects.YourCartPage - Click Checkout Button
11:28:23.330 [main] INFO  org.example.Pages.SwagLabsPage.PageObjects.CheckoutPage - Enter Personal Checkout Information
11:28:23.509 [main] INFO  org.example.Pages.SwagLabsPage.PageObjects.CheckoutPage - Click Continue
11:28:23.720 [main] INFO  org.example.Pages.SwagLabsPage.PageObjects.CheckoutOverViewPage - Click Finish Button
11:28:23.984 [main] INFO  org.example.Pages.SwagLabsPage.PageObjects.PostCheckoutPage - Click Go Back Home Button
11:28:24.364 [main] INFO  org.example.Pages.SwagLabsPage.PageObjects.InventoryPage - Open Side Action Bar
11:28:24.700 [main] INFO  org.example.Pages.SwagLabsPage.PageObjects.InventoryPage - Click Logout
11:28:47.116 [main] INFO  org.example.Pages.SwagLabsPage.PageObjects.LoginPage - Enter Login Information
11:28:47.116 [main] INFO  org.example.Pages.SwagLabsPage.PageObjects.LoginPage - Enter Username
11:28:47.471 [main] INFO  org.example.Pages.SwagLabsPage.PageObjects.LoginPage - Enter Password
11:28:47.801 [main] INFO  org.example.Pages.SwagLabsPage.PageObjects.LoginPage - Click Login Button
11:28:48.556 [main] INFO  org.example.Pages.SwagLabsPage.PageObjects.InventoryPage - Selected Filter
11:29:07.897 [main] INFO  org.example.Pages.SwagLabsPage.PageObjects.LoginPage - Enter Login Information
11:29:07.898 [main] INFO  org.example.Pages.SwagLabsPage.PageObjects.LoginPage - Enter Username
11:29:08.238 [main] INFO  org.example.Pages.SwagLabsPage.PageObjects.LoginPage - Enter Password
11:29:08.452 [main] INFO  org.example.Pages.SwagLabsPage.PageObjects.LoginPage - Click Login Button
11:29:09.183 [main] INFO  org.example.Pages.SwagLabsPage.PageObjects.InventoryPage - Open Side Action Bar
11:29:09.263 [main] INFO  org.example.Pages.SwagLabsPage.PageObjects.InventoryPage - Click About Page
11:29:48.928 [main] INFO  org.example.Pages.SwagLabsPage.PageObjects.LoginPage - Enter Login Information
11:29:48.928 [main] INFO  org.example.Pages.SwagLabsPage.PageObjects.LoginPage - Enter Username
11:29:49.250 [main] INFO  org.example.Pages.SwagLabsPage.PageObjects.LoginPage - Enter Password
11:29:49.580 [main] INFO  org.example.Pages.SwagLabsPage.PageObjects.LoginPage - Click Login Button
11:29:49.876 [main] INFO  org.example.Pages.SwagLabsPage.PageObjects.InventoryPage - Click Product 1
11:29:50.042 [main] INFO  org.example.Pages.SwagLabsPage.PageObjects.InventoryItemPage - Click Add Item To Cart
11:29:50.259 [main] INFO  org.example.Pages.SwagLabsPage.PageObjects.InventoryItemPage - Click Remove Item From Cart
11:29:50.379 [main] INFO  org.example.Pages.SwagLabsPage.PageObjects.InventoryItemPage - Click Back Button
11:29:50.410 [main] INFO  org.example.Pages.SwagLabsPage.PageObjects.InventoryPage - Click Product 2
11:29:50.545 [main] INFO  org.example.Pages.SwagLabsPage.PageObjects.InventoryItemPage - Click Add Item To Cart
11:29:50.746 [main] INFO  org.example.Pages.SwagLabsPage.PageObjects.InventoryItemPage - Click Remove Item From Cart
11:29:50.889 [main] INFO  org.example.Pages.SwagLabsPage.PageObjects.InventoryItemPage - Click Back Button
