15:19:59.632 [main] INFO  org.example.Pages.SwagLabsPage.PageObjects.LoginPage - Enter Login Information
15:19:59.632 [main] INFO  org.example.Pages.SwagLabsPage.PageObjects.LoginPage - Enter Username
15:19:59.818 [main] INFO  org.example.Pages.SwagLabsPage.PageObjects.LoginPage - Enter Password
15:19:59.965 [main] INFO  org.example.Pages.SwagLabsPage.PageObjects.LoginPage - Click Login Button
15:20:07.197 [main] INFO  org.example.Pages.SwagLabsPage.PageObjects.LoginPage - Enter Login Information
15:20:07.197 [main] INFO  org.example.Pages.SwagLabsPage.PageObjects.LoginPage - Enter Username
15:20:07.358 [main] INFO  org.example.Pages.SwagLabsPage.PageObjects.LoginPage - Enter Password
15:20:07.507 [main] INFO  org.example.Pages.SwagLabsPage.PageObjects.LoginPage - Click Login Button
15:20:13.984 [main] INFO  org.example.Pages.SwagLabsPage.PageObjects.LoginPage - Enter Login Information
15:20:13.984 [main] INFO  org.example.Pages.SwagLabsPage.PageObjects.LoginPage - Enter Username
15:20:14.163 [main] INFO  org.example.Pages.SwagLabsPage.PageObjects.LoginPage - Enter Password
15:20:14.287 [main] INFO  org.example.Pages.SwagLabsPage.PageObjects.LoginPage - Click Login Button
15:20:14.494 [main] INFO  org.example.Pages.SwagLabsPage.PageObjects.InventoryPage - Click Product 1
15:20:14.684 [main] INFO  org.example.Pages.SwagLabsPage.PageObjects.InventoryItemPage - Click Add Item To Cart
15:20:14.787 [main] INFO  org.example.Pages.SwagLabsPage.PageObjects.InventoryItemPage - Click Shopping Cart Button
15:20:14.884 [main] INFO  org.example.Pages.SwagLabsPage.PageObjects.YourCartPage - Click Checkout Button
15:20:15.315 [main] INFO  org.example.Pages.SwagLabsPage.PageObjects.CheckoutPage - Enter Personal Checkout Information
15:20:15.408 [main] INFO  org.example.Pages.SwagLabsPage.PageObjects.CheckoutPage - Click Continue
15:20:15.506 [main] INFO  org.example.Pages.SwagLabsPage.PageObjects.CheckoutOverViewPage - Click Finish Button
15:20:15.624 [main] INFO  org.example.Pages.SwagLabsPage.PageObjects.PostCheckoutPage - Click Go Back Home Button
15:20:15.716 [main] INFO  org.example.Pages.SwagLabsPage.PageObjects.InventoryPage - Open Side Action Bar
15:20:16.431 [main] INFO  org.example.Pages.SwagLabsPage.PageObjects.InventoryPage - Click Logout
15:20:23.586 [main] INFO  org.example.Pages.SwagLabsPage.PageObjects.LoginPage - Enter Login Information
15:20:23.587 [main] INFO  org.example.Pages.SwagLabsPage.PageObjects.LoginPage - Enter Username
15:20:23.759 [main] INFO  org.example.Pages.SwagLabsPage.PageObjects.LoginPage - Enter Password
15:20:23.902 [main] INFO  org.example.Pages.SwagLabsPage.PageObjects.LoginPage - Click Login Button
15:20:24.301 [main] INFO  org.example.Pages.SwagLabsPage.PageObjects.InventoryPage - Selected Filter
15:20:30.933 [main] INFO  org.example.Pages.SwagLabsPage.PageObjects.LoginPage - Enter Login Information
15:20:30.933 [main] INFO  org.example.Pages.SwagLabsPage.PageObjects.LoginPage - Enter Username
15:20:31.105 [main] INFO  org.example.Pages.SwagLabsPage.PageObjects.LoginPage - Enter Password
15:20:31.246 [main] INFO  org.example.Pages.SwagLabsPage.PageObjects.LoginPage - Click Login Button
15:20:31.507 [main] INFO  org.example.Pages.SwagLabsPage.PageObjects.InventoryPage - Open Side Action Bar
15:20:32.149 [main] INFO  org.example.Pages.SwagLabsPage.PageObjects.InventoryPage - Click About Page
15:20:43.397 [main] INFO  org.example.Pages.SwagLabsPage.PageObjects.LoginPage - Enter Login Information
15:20:43.397 [main] INFO  org.example.Pages.SwagLabsPage.PageObjects.LoginPage - Enter Username
15:20:43.590 [main] INFO  org.example.Pages.SwagLabsPage.PageObjects.LoginPage - Enter Password
15:20:43.743 [main] INFO  org.example.Pages.SwagLabsPage.PageObjects.LoginPage - Click Login Button
15:20:43.891 [main] INFO  org.example.Pages.SwagLabsPage.PageObjects.InventoryPage - Click Product 1
15:20:44.009 [main] INFO  org.example.Pages.SwagLabsPage.PageObjects.InventoryItemPage - Click Add Item To Cart
15:20:44.121 [main] INFO  org.example.Pages.SwagLabsPage.PageObjects.InventoryItemPage - Click Remove Item From Cart
15:20:44.214 [main] INFO  org.example.Pages.SwagLabsPage.PageObjects.InventoryItemPage - Click Back Button
15:20:44.234 [main] INFO  org.example.Pages.SwagLabsPage.PageObjects.InventoryPage - Click Product 2
15:20:44.308 [main] INFO  org.example.Pages.SwagLabsPage.PageObjects.InventoryItemPage - Click Add Item To Cart
15:20:44.440 [main] INFO  org.example.Pages.SwagLabsPage.PageObjects.InventoryItemPage - Click Remove Item From Cart
15:20:44.518 [main] INFO  org.example.Pages.SwagLabsPage.PageObjects.InventoryItemPage - Click Back Button
